
> solid-playground@ build E:\Development\solid-playground\packages\playground
> vite build

[36mvite v4.4.8 [32mbuilding for production...[36m[39m
transforming...
[1m[33m[plugin:vite:resolve][39m[22m [33mModule "path" has been externalized for browser compatibility, imported by "E:/Development/solid-playground/node_modules/.pnpm/monaco-textmate@3.0.1_onigasm@2.2.5/node_modules/monaco-textmate/dist/rule.js". See http://vitejs.dev/guide/troubleshooting.html#module-externalized-for-browser-compatibility for more details.[39m
[1m[33m[plugin:vite:resolve][39m[22m [33mModule "perf_hooks" has been externalized for browser compatibility, imported by "E:/Development/solid-playground/node_modules/.pnpm/typescript@5.1.6/node_modules/typescript/lib/typescript.js". See http://vitejs.dev/guide/troubleshooting.html#module-externalized-for-browser-compatibility for more details.[39m
[32m✓[39m 988 modules transformed.
rendering chunks...
computing gzip size...
[2mdist/[22m[32mindex.html                  [39m[1m[2m    0.70 kB[22m[1m[22m[2m │ gzip:     0.39 kB[22m
[2mdist/[22m[32massets/logo.svg             [39m[1m[2m    1.60 kB[22m[1m[22m[2m │ gzip:     0.55 kB[22m
[2mdist/[22m[32massets/codicon.ttf          [39m[1m[2m   73.46 kB[22m[1m[22m
[2mdist/[22m[32massets/editor.worker.js     [39m[1m[2m  195.59 kB[22m[1m[22m
[2mdist/[22m[32massets/json.worker.js       [39m[1m[2m  323.97 kB[22m[1m[22m
[2mdist/[22m[32massets/formatter.js         [39m[1m[2m  386.37 kB[22m[1m[22m
[2mdist/[22m[32massets/onigasm.wasm         [39m[1m[2m  468.27 kB[22m[1m[22m
[2mdist/[22m[32massets/css.worker.js        [39m[1m[2m  969.86 kB[22m[1m[22m
[33m
(!) Some chunks are larger than 500 kBs after minification. Consider:
- Using dynamic import() to code-split the application
- Use build.rollupOptions.output.manualChunks to improve chunking: https://rollupjs.org/configuration-options/#output-manualchunks
- Adjust chunk size limit for this warning via build.chunkSizeWarningLimit.[39m
[2mdist/[22m[32massets/compiler.js          [39m[1m[2m3,229.44 kB[22m[1m[22m
[2mdist/[22m[32massets/ts.worker.js         [39m[1m[2m4,826.61 kB[22m[1m[22m
[2mdist/[22m[32massets/linter.js            [39m[1m[2m5,035.97 kB[22m[1m[22m
[2mdist/[22m[35massets/index.css            [39m[1m[2m   18.53 kB[22m[1m[22m[2m │ gzip:     4.44 kB[22m
[2mdist/[22m[35massets/setupSolid.css       [39m[1m[2m  110.14 kB[22m[1m[22m[2m │ gzip:    17.79 kB[22m
[2mdist/[22m[36massets/_commonjsHelpers.js  [39m[1m[2m    0.69 kB[22m[1m[22m[2m │ gzip:     0.38 kB[22m
[2mdist/[22m[36massets/javascript.js        [39m[1m[2m    1.22 kB[22m[1m[22m[2m │ gzip:     0.62 kB[22m
[2mdist/[22m[36massets/css.js               [39m[1m[2m    4.76 kB[22m[1m[22m[2m │ gzip:     1.52 kB[22m
[2mdist/[22m[36massets/html.js              [39m[1m[2m    5.34 kB[22m[1m[22m[2m │ gzip:     1.55 kB[22m
[2mdist/[22m[36massets/typescript.js        [39m[1m[2m    5.73 kB[22m[1m[22m[2m │ gzip:     2.32 kB[22m
[2mdist/[22m[36massets/tsMode.js            [39m[1m[2m   22.86 kB[22m[1m[22m[2m │ gzip:     6.50 kB[22m
[2mdist/[22m[36massets/cssMode.js           [39m[1m[2m   33.49 kB[22m[1m[22m[2m │ gzip:     8.84 kB[22m
[2mdist/[22m[36massets/htmlMode.js          [39m[1m[2m   34.05 kB[22m[1m[22m[2m │ gzip:     8.98 kB[22m
[2mdist/[22m[36massets/jsonMode.js          [39m[1m[2m   39.49 kB[22m[1m[22m[2m │ gzip:    11.00 kB[22m
[2mdist/[22m[36massets/jszip.min.js         [39m[1m[2m   97.43 kB[22m[1m[22m[2m │ gzip:    30.15 kB[22m
[2mdist/[22m[36massets/index.js             [39m[1m[2m  103.39 kB[22m[1m[22m[2m │ gzip:    36.46 kB[22m
[2mdist/[22m[36massets/setupSolid.js        [39m[1m[33m4,571.33 kB[39m[22m[2m │ gzip: 1,023.63 kB[22m
[32m✓ built in 50.52s[39m
